{"/Users/kenichibeveridge/code/chungus84/DigitalFutures/challenges/chitter-challenge/chitter-challenge/Frontend/chitter-frontend/src/Components/Peep.jsx": {"path":"/Users/kenichibeveridge/code/chungus84/DigitalFutures/challenges/chitter-challenge/chitter-challenge/Frontend/chitter-frontend/src/Components/Peep.jsx","statementMap":{"0":{"start":{"line":1,"column":13},"end":{"line":9,"column":null}},"1":{"start":{"line":2,"column":4},"end":{"line":7,"column":null}}},"fnMap":{"0":{"name":"(anonymous_0)","decl":{"start":{"line":1,"column":13},"end":{"line":1,"column":14}},"loc":{"start":{"line":1,"column":44},"end":{"line":9,"column":null}}}},"branchMap":{},"s":{"0":1,"1":1},"f":{"0":1},"b":{}}
}
