{"/Users/kenichibeveridge/code/chungus84/DigitalFutures/challenges/chitter-challenge/chitter-challenge/Frontend/chitter-frontend/src/Components/Header.jsx": {"path":"/Users/kenichibeveridge/code/chungus84/DigitalFutures/challenges/chitter-challenge/chitter-challenge/Frontend/chitter-frontend/src/Components/Header.jsx","statementMap":{"0":{"start":{"line":4,"column":15},"end":{"line":12,"column":null}},"1":{"start":{"line":7,"column":4},"end":{"line":9,"column":null}}},"fnMap":{"0":{"name":"(anonymous_0)","decl":{"start":{"line":4,"column":15},"end":{"line":4,"column":16}},"loc":{"start":{"line":4,"column":36},"end":{"line":12,"column":null}}}},"branchMap":{},"s":{"0":1,"1":1},"f":{"0":1},"b":{}}
,"/Users/kenichibeveridge/code/chungus84/DigitalFutures/challenges/chitter-challenge/chitter-challenge/Frontend/chitter-frontend/src/Components/LoginButton.jsx": {"path":"/Users/kenichibeveridge/code/chungus84/DigitalFutures/challenges/chitter-challenge/chitter-challenge/Frontend/chitter-frontend/src/Components/LoginButton.jsx","statementMap":{"0":{"start":{"line":1,"column":20},"end":{"line":7,"column":null}},"1":{"start":{"line":2,"column":4},"end":{"line":5,"column":null}}},"fnMap":{"0":{"name":"(anonymous_0)","decl":{"start":{"line":1,"column":20},"end":{"line":1,"column":26}},"loc":{"start":{"line":1,"column":26},"end":{"line":7,"column":null}}}},"branchMap":{},"s":{"0":2,"1":1},"f":{"0":1},"b":{}}
,"/Users/kenichibeveridge/code/chungus84/DigitalFutures/challenges/chitter-challenge/chitter-challenge/Frontend/chitter-frontend/src/Components/Peep.jsx": {"path":"/Users/kenichibeveridge/code/chungus84/DigitalFutures/challenges/chitter-challenge/chitter-challenge/Frontend/chitter-frontend/src/Components/Peep.jsx","statementMap":{"0":{"start":{"line":4,"column":13},"end":{"line":15,"column":null}},"1":{"start":{"line":6,"column":4},"end":{"line":13,"column":null}},"2":{"start":{"line":17,"column":0},"end":{"line":19,"column":null}}},"fnMap":{"0":{"name":"(anonymous_0)","decl":{"start":{"line":4,"column":13},"end":{"line":4,"column":14}},"loc":{"start":{"line":4,"column":61},"end":{"line":15,"column":null}}}},"branchMap":{},"s":{"0":1,"1":1,"2":1},"f":{"0":1},"b":{}}
,"/Users/kenichibeveridge/code/chungus84/DigitalFutures/challenges/chitter-challenge/chitter-challenge/Frontend/chitter-frontend/src/Components/SignUpButton.jsx": {"path":"/Users/kenichibeveridge/code/chungus84/DigitalFutures/challenges/chitter-challenge/chitter-challenge/Frontend/chitter-frontend/src/Components/SignUpButton.jsx","statementMap":{"0":{"start":{"line":2,"column":21},"end":{"line":8,"column":null}},"1":{"start":{"line":3,"column":4},"end":{"line":6,"column":null}}},"fnMap":{"0":{"name":"(anonymous_0)","decl":{"start":{"line":2,"column":21},"end":{"line":2,"column":27}},"loc":{"start":{"line":2,"column":27},"end":{"line":8,"column":null}}}},"branchMap":{},"s":{"0":2,"1":1},"f":{"0":1},"b":{}}
,"/Users/kenichibeveridge/code/chungus84/DigitalFutures/challenges/chitter-challenge/chitter-challenge/Frontend/chitter-frontend/src/Components/utils/Peep.model.js": {"path":"/Users/kenichibeveridge/code/chungus84/DigitalFutures/challenges/chitter-challenge/chitter-challenge/Frontend/chitter-frontend/src/Components/utils/Peep.model.js","statementMap":{"0":{"start":{"line":3,"column":8},"end":{"line":3,"column":23}},"1":{"start":{"line":4,"column":8},"end":{"line":4,"column":31}},"2":{"start":{"line":5,"column":8},"end":{"line":5,"column":35}},"3":{"start":{"line":6,"column":8},"end":{"line":6,"column":33}}},"fnMap":{"0":{"name":"(anonymous_0)","decl":{"start":{"line":2,"column":4},"end":{"line":2,"column":15}},"loc":{"start":{"line":2,"column":58},"end":{"line":8,"column":5}}}},"branchMap":{"0":{"loc":{"start":{"line":2,"column":16},"end":{"line":2,"column":26}},"type":"default-arg","locations":[{"start":{"line":2,"column":22},"end":{"line":2,"column":26}}]}},"s":{"0":2,"1":2,"2":2,"3":2},"f":{"0":2},"b":{"0":[0]}}
}
